<?xml version="1.0" encoding="UTF-8"?>
<!-- Generated by org.testng.reporters.JUnitXMLReporter -->
<testsuite ignored="0" hostname="ICS-LT-DTW4DN3" failures="0" tests="3" name="Create Project" time="91.286" errors="0" timestamp="2024-07-10T20:23:46 IST">
  <testcase classname="RegressionTests.CreateProjectTest" name="Application_Login" time="3.758"/>
  <testcase classname="RegressionTests.CreateProjectTest" name="Project_Creation" time="50.461"/>
  <testcase classname="RegressionTests.FPStest" name="FPS_Project_Link" time="24.867"/>
</testsuite> <!-- Create Project -->
