<?xml version="1.0" encoding="UTF-8"?>
<testng-results ignored="0" total="2" passed="2" failed="0" skipped="0">
  <reporter-output>
  </reporter-output>
  <suite started-at="2024-06-15T23:29:50 IST" name="Default suite" finished-at="2024-06-15T23:31:07 IST" duration-ms="77428">
    <groups>
    </groups>
    <test started-at="2024-06-15T23:29:50 IST" name="Default test" finished-at="2024-06-15T23:31:07 IST" duration-ms="77428">
      <class name="RegressionTests.CreateProjectTest">
        <test-method is-config="true" signature="Launchapplication()[pri:0, instance:RegressionTests.CreateProjectTest@436bc36]" started-at="2024-06-15T23:29:50 IST" name="Launchapplication" finished-at="2024-06-15T23:30:01 IST" duration-ms="10803" status="PASS">
          <reporter-output>
          </reporter-output>
        </test-method> <!-- Launchapplication -->
        <test-method signature="Loginproject()[pri:1, instance:RegressionTests.CreateProjectTest@436bc36]" started-at="2024-06-15T23:30:01 IST" name="Loginproject" finished-at="2024-06-15T23:30:10 IST" duration-ms="9400" status="PASS">
          <reporter-output>
          </reporter-output>
        </test-method> <!-- Loginproject -->
        <test-method signature="Createprojectbutton()[pri:2, instance:RegressionTests.CreateProjectTest@436bc36]" started-at="2024-06-15T23:30:11 IST" name="Createprojectbutton" finished-at="2024-06-15T23:31:07 IST" duration-ms="56387" status="PASS">
          <reporter-output>
          </reporter-output>
        </test-method> <!-- Createprojectbutton -->
      </class> <!-- RegressionTests.CreateProjectTest -->
    </test> <!-- Default test -->
  </suite> <!-- Default suite -->
</testng-results>
