<?xml version="1.0" encoding="UTF-8"?>
<testng-results ignored="0" total="3" passed="3" failed="0" skipped="0">
  <reporter-output>
  </reporter-output>
  <suite started-at="2024-07-10T20:22:15 IST" name="Regression Suite" finished-at="2024-07-10T20:23:46 IST" duration-ms="91286">
    <groups>
    </groups>
    <test started-at="2024-07-10T20:22:15 IST" name="Create Project" finished-at="2024-07-10T20:23:46 IST" duration-ms="91286">
      <class name="RegressionTests.CreateProjectTest">
        <test-method is-config="true" signature="Launchapplication()[pri:0, instance:RegressionTests.CreateProjectTest@6986bbaf]" started-at="2024-07-10T20:22:15 IST" name="Launchapplication" finished-at="2024-07-10T20:22:21 IST" duration-ms="6156" status="PASS">
          <reporter-output>
          </reporter-output>
        </test-method> <!-- Launchapplication -->
        <test-method signature="Application_Login()[pri:1, instance:RegressionTests.CreateProjectTest@6986bbaf]" started-at="2024-07-10T20:22:21 IST" name="Application_Login" finished-at="2024-07-10T20:22:25 IST" duration-ms="3758" status="PASS">
          <reporter-output>
          </reporter-output>
        </test-method> <!-- Application_Login -->
        <test-method signature="Project_Creation()[pri:2, instance:RegressionTests.CreateProjectTest@6986bbaf]" started-at="2024-07-10T20:22:25 IST" name="Project_Creation" finished-at="2024-07-10T20:23:16 IST" duration-ms="50461" status="PASS">
          <reporter-output>
          </reporter-output>
        </test-method> <!-- Project_Creation -->
      </class> <!-- RegressionTests.CreateProjectTest -->
      <class name="RegressionTests.FPStest">
        <test-method is-config="true" signature="Launchapplication()[pri:0, instance:RegressionTests.FPStest@12c7a01b]" started-at="2024-07-10T20:23:16 IST" name="Launchapplication" finished-at="2024-07-10T20:23:21 IST" duration-ms="5366" status="PASS">
          <reporter-output>
          </reporter-output>
        </test-method> <!-- Launchapplication -->
        <test-method signature="FPS_Project_Link()[pri:3, instance:RegressionTests.FPStest@12c7a01b]" started-at="2024-07-10T20:23:21 IST" name="FPS_Project_Link" finished-at="2024-07-10T20:23:46 IST" duration-ms="24867" status="PASS">
          <reporter-output>
          </reporter-output>
        </test-method> <!-- FPS_Project_Link -->
      </class> <!-- RegressionTests.FPStest -->
    </test> <!-- Create Project -->
  </suite> <!-- Regression Suite -->
</testng-results>
